{"name":"HiveThriftLibrary","hostname":"vm-cluster2-node1","pid":22038,"entity":"Client object","level":10,"msg":"connect ...","time":"2016-02-18T14:31:55.574Z","v":0}
{"name":"HiveThriftLibrary","hostname":"vm-cluster2-node1","pid":22038,"entity":"Client object","level":10,"msg":"Connection initialised for vm-cluster2-node1:10000","time":"2016-02-18T14:31:55.583Z","v":0}
{"name":"HiveThriftLibrary","hostname":"vm-cluster2-node1","pid":22038,"entity":"Client object","level":10,"msg":"Session opened for user root with protocol value = 6","time":"2016-02-18T14:31:55.648Z","v":0}
{"name":"HiveThriftLibrary","hostname":"vm-cluster2-node1","pid":22038,"entity":"Client object","level":10,"msg":"executeStatement : select * from test.emp","time":"2016-02-18T14:31:55.653Z","v":0}
{"name":"HiveThriftLibrary","hostname":"vm-cluster2-node1","pid":22038,"entity":"Client object","level":10,"msg":"executeStatement done","time":"2016-02-18T14:31:55.834Z","v":0}
{"name":"HiveThriftLibrary","hostname":"vm-cluster2-node1","pid":22038,"entity":"Client object","level":10,"msg":"fetchRows on {\"operationId\":{\"guid\":{\"type\":\"Buffer\",\"data\":[119,137,213,232,251,128,78,196,155,71,80,97,250,121,151,0]},\"secret\":{\"type\":\"Buffer\",\"data\":[175,85,99,68,190,155,76,25,190,219,171,241,108,60,180,191]}},\"operationType\":0,\"hasResultSet\":true,\"modifiedRowCount\":null}","time":"2016-02-18T14:31:55.834Z","v":0}
{"name":"HiveThriftLibrary","hostname":"vm-cluster2-node1","pid":22038,"entity":"Client object","level":10,"msg":"fetchRows done","time":"2016-02-18T14:31:55.873Z","v":0}
{"name":"HiveThriftLibrary","hostname":"vm-cluster2-node1","pid":22038,"entity":"Client object","level":10,"msg":"disconnect = [object Object]","time":"2016-02-18T14:31:55.873Z","v":0}
{"name":"HiveThriftLibrary","hostname":"vm-cluster2-node1","pid":22038,"entity":"Client object","level":10,"msg":"Session closed","time":"2016-02-18T14:31:55.905Z","v":0}
{"name":"HiveThriftLibrary","hostname":"vm-cluster2-node1","pid":10886,"entity":"Client object","level":10,"msg":"connect ...","time":"2016-02-18T16:55:18.174Z","v":0}
{"name":"HiveThriftLibrary","hostname":"vm-cluster2-node1","pid":10886,"entity":"Client object","level":10,"msg":"Connection initialised for vm-cluster2-node1:10000","time":"2016-02-18T16:55:18.183Z","v":0}
{"name":"HiveThriftLibrary","hostname":"vm-cluster2-node1","pid":10886,"entity":"Client object","level":10,"msg":"Session opened for user root with protocol value = 6","time":"2016-02-18T16:55:18.233Z","v":0}
{"name":"HiveThriftLibrary","hostname":"vm-cluster2-node1","pid":10989,"entity":"Client object","level":10,"msg":"connect ...","time":"2016-02-18T16:55:52.003Z","v":0}
{"name":"HiveThriftLibrary","hostname":"vm-cluster2-node1","pid":10989,"entity":"Client object","level":10,"msg":"Connection initialised for vm-cluster2-node1:10000","time":"2016-02-18T16:55:52.013Z","v":0}
{"name":"HiveThriftLibrary","hostname":"vm-cluster2-node1","pid":10989,"entity":"Client object","level":10,"msg":"Session opened for user root with protocol value = 6","time":"2016-02-18T16:55:52.043Z","v":0}
{"name":"HiveThriftLibrary","hostname":"vm-cluster2-node1","pid":11123,"entity":"Client object","level":10,"msg":"connect ...","time":"2016-02-18T16:56:13.643Z","v":0}
{"name":"HiveThriftLibrary","hostname":"vm-cluster2-node1","pid":11123,"entity":"Client object","level":10,"msg":"Connection initialised for vm-cluster2-node1:10000","time":"2016-02-18T16:56:13.651Z","v":0}
{"name":"HiveThriftLibrary","hostname":"vm-cluster2-node1","pid":11123,"entity":"Client object","level":10,"msg":"Session opened for user root with protocol value = 6","time":"2016-02-18T16:56:13.683Z","v":0}
{"name":"HiveThriftLibrary","hostname":"vm-cluster2-node1","pid":11123,"entity":"Client object","level":10,"msg":"executeSelect : select * from test.emp where emp.id > 1000","time":"2016-02-18T16:56:13.684Z","v":0}
{"name":"HiveThriftLibrary","hostname":"vm-cluster2-node1","pid":11123,"entity":"Client object","level":10,"msg":"executeStatement : select * from test.emp where emp.id > 1000","time":"2016-02-18T16:56:13.684Z","v":0}
{"name":"HiveThriftLibrary","hostname":"vm-cluster2-node1","pid":11123,"entity":"Client object","level":10,"msg":"getSchemas : {\"sessionId\":{\"guid\":{\"type\":\"Buffer\",\"data\":[39,153,61,41,118,78,73,101,152,229,241,4,249,44,242,244]},\"secret\":{\"type\":\"Buffer\",\"data\":[255,135,39,240,77,152,76,34,181,222,208,244,180,33,144,23]}}}","time":"2016-02-18T16:56:13.687Z","v":0}
{"name":"HiveThriftLibrary","hostname":"vm-cluster2-node1","pid":11123,"entity":"Client object","level":10,"msg":"executeStatement done","time":"2016-02-18T16:56:40.880Z","v":0}
{"name":"HiveThriftLibrary","hostname":"vm-cluster2-node1","pid":11123,"entity":"Client object","level":10,"msg":"fetchRows on {\"operationId\":{\"guid\":{\"type\":\"Buffer\",\"data\":[135,232,194,106,144,20,66,136,140,134,8,85,124,34,59,127]},\"secret\":{\"type\":\"Buffer\",\"data\":[27,189,42,227,87,25,68,142,131,59,229,36,45,208,14,168]}},\"operationType\":0,\"hasResultSet\":true,\"modifiedRowCount\":null}","time":"2016-02-18T16:56:40.881Z","v":0}
{"name":"HiveThriftLibrary","hostname":"vm-cluster2-node1","pid":11123,"entity":"Client object","level":10,"msg":"getSchemas done","time":"2016-02-18T16:56:40.953Z","v":0}
{"name":"HiveThriftLibrary","hostname":"vm-cluster2-node1","pid":11123,"entity":"Client object","level":10,"msg":"fetchRows done","time":"2016-02-18T16:56:40.973Z","v":0}
{"name":"HiveThriftLibrary","hostname":"vm-cluster2-node1","pid":11123,"entity":"Client object","level":10,"msg":"disconnect = [object Object]","time":"2016-02-18T16:56:40.973Z","v":0}
{"name":"HiveThriftLibrary","hostname":"vm-cluster2-node1","pid":11123,"entity":"Client object","level":10,"msg":"session closed","time":"2016-02-18T16:56:40.993Z","v":0}
{"name":"HiveThriftLibrary","hostname":"vm-cluster2-node1","pid":11581,"entity":"Client object","level":10,"msg":"connect ...","time":"2016-02-18T16:59:30.135Z","v":0}
{"name":"HiveThriftLibrary","hostname":"vm-cluster2-node1","pid":11581,"entity":"Client object","level":10,"msg":"Connection initialised for vm-cluster2-node1:10000","time":"2016-02-18T16:59:30.155Z","v":0}
{"name":"HiveThriftLibrary","hostname":"vm-cluster2-node1","pid":11581,"entity":"Client object","level":10,"msg":"Session opened for user root with protocol value = 6","time":"2016-02-18T16:59:30.206Z","v":0}
{"name":"HiveThriftLibrary","hostname":"vm-cluster2-node1","pid":11581,"entity":"Client object","level":10,"msg":"getSchemas : {\"sessionId\":{\"guid\":{\"type\":\"Buffer\",\"data\":[213,210,246,251,129,83,73,181,191,2,129,162,0,38,169,181]},\"secret\":{\"type\":\"Buffer\",\"data\":[222,58,71,144,197,234,75,6,149,189,61,8,117,160,65,117]}}}","time":"2016-02-18T16:59:30.207Z","v":0}
{"name":"HiveThriftLibrary","hostname":"vm-cluster2-node1","pid":11581,"entity":"Client object","level":10,"msg":"getSchemas done","time":"2016-02-18T16:59:30.217Z","v":0}
{"name":"HiveThriftLibrary","hostname":"vm-cluster2-node1","pid":11581,"entity":"Client object","level":10,"msg":"fetchRows on {\"operationId\":{\"guid\":{\"type\":\"Buffer\",\"data\":[112,239,68,83,98,75,64,107,187,190,10,93,136,154,86,31]},\"secret\":{\"type\":\"Buffer\",\"data\":[206,24,191,53,152,26,74,115,154,86,252,32,189,85,1,107]}},\"operationType\":3,\"hasResultSet\":true,\"modifiedRowCount\":null}","time":"2016-02-18T16:59:30.217Z","v":0}
{"name":"HiveThriftLibrary","hostname":"vm-cluster2-node1","pid":11581,"entity":"Client object","level":10,"msg":"fetchRows done","time":"2016-02-18T16:59:30.223Z","v":0}
{"name":"HiveThriftLibrary","hostname":"vm-cluster2-node1","pid":12067,"entity":"Client object","level":10,"msg":"connect ...","time":"2016-02-18T17:02:46.234Z","v":0}
{"name":"HiveThriftLibrary","hostname":"vm-cluster2-node1","pid":12067,"entity":"Client object","level":10,"msg":"Connection initialised for vm-cluster2-node1:10000","time":"2016-02-18T17:02:46.243Z","v":0}
{"name":"HiveThriftLibrary","hostname":"vm-cluster2-node1","pid":12067,"entity":"Client object","level":10,"msg":"Session opened for user root with protocol value = 6","time":"2016-02-18T17:02:46.330Z","v":0}
{"name":"HiveThriftLibrary","hostname":"vm-cluster2-node1","pid":12067,"entity":"Client object","level":10,"msg":"getSchemas : {\"sessionId\":{\"guid\":{\"type\":\"Buffer\",\"data\":[84,211,209,34,197,125,69,227,146,232,113,196,11,119,190,158]},\"secret\":{\"type\":\"Buffer\",\"data\":[154,18,81,4,65,71,70,45,137,140,146,154,66,189,79,148]}}}","time":"2016-02-18T17:02:46.333Z","v":0}
{"name":"HiveThriftLibrary","hostname":"vm-cluster2-node1","pid":12067,"entity":"Client object","level":10,"msg":"getSchemas done","time":"2016-02-18T17:02:46.351Z","v":0}
{"name":"HiveThriftLibrary","hostname":"vm-cluster2-node1","pid":12067,"entity":"Client object","level":10,"msg":"fetchRows on {\"operationId\":{\"guid\":{\"type\":\"Buffer\",\"data\":[153,87,225,10,123,47,71,244,134,208,39,237,235,56,223,229]},\"secret\":{\"type\":\"Buffer\",\"data\":[134,213,238,200,141,21,70,63,156,37,219,96,246,0,52,81]}},\"operationType\":3,\"hasResultSet\":true,\"modifiedRowCount\":null}","time":"2016-02-18T17:02:46.352Z","v":0}
{"name":"HiveThriftLibrary","hostname":"vm-cluster2-node1","pid":12067,"entity":"Client object","level":10,"msg":"fetchRows done","time":"2016-02-18T17:02:46.363Z","v":0}
{"name":"HiveThriftLibrary","hostname":"vm-cluster2-node1","pid":12388,"entity":"Client object","level":10,"msg":"connect ...","time":"2016-02-18T17:05:32.278Z","v":0}
{"name":"HiveThriftLibrary","hostname":"vm-cluster2-node1","pid":12388,"entity":"Client object","level":10,"msg":"Connection initialised for vm-cluster2-node1:10000","time":"2016-02-18T17:05:32.288Z","v":0}
{"name":"HiveThriftLibrary","hostname":"vm-cluster2-node1","pid":12388,"entity":"Client object","level":10,"msg":"Session opened for user root with protocol value = 6","time":"2016-02-18T17:05:32.323Z","v":0}
{"name":"HiveThriftLibrary","hostname":"vm-cluster2-node1","pid":12388,"entity":"Client object","level":10,"msg":"getSchemas : {\"sessionId\":{\"guid\":{\"type\":\"Buffer\",\"data\":[33,170,64,80,74,127,78,161,178,66,116,225,17,29,153,183]},\"secret\":{\"type\":\"Buffer\",\"data\":[187,8,204,161,240,184,71,249,185,149,247,99,246,5,25,239]}}}","time":"2016-02-18T17:05:32.323Z","v":0}
{"name":"HiveThriftLibrary","hostname":"vm-cluster2-node1","pid":12388,"entity":"Client object","level":10,"msg":"getSchemas done","time":"2016-02-18T17:05:32.333Z","v":0}
{"name":"HiveThriftLibrary","hostname":"vm-cluster2-node1","pid":12388,"entity":"Client object","level":10,"msg":"fetchRows on {\"operationId\":{\"guid\":{\"type\":\"Buffer\",\"data\":[3,250,71,234,74,27,71,98,180,75,70,135,198,83,113,205]},\"secret\":{\"type\":\"Buffer\",\"data\":[44,140,17,15,13,6,75,19,156,156,138,92,75,121,197,248]}},\"operationType\":3,\"hasResultSet\":true,\"modifiedRowCount\":null}","time":"2016-02-18T17:05:32.333Z","v":0}
{"name":"HiveThriftLibrary","hostname":"vm-cluster2-node1","pid":12388,"entity":"Client object","level":10,"msg":"fetchRows done","time":"2016-02-18T17:05:32.340Z","v":0}
{"name":"HiveThriftLibrary","hostname":"vm-cluster2-node1","pid":12521,"entity":"Client object","level":10,"msg":"connect ...","time":"2016-02-18T17:06:14.758Z","v":0}
{"name":"HiveThriftLibrary","hostname":"vm-cluster2-node1","pid":12521,"entity":"Client object","level":10,"msg":"Connection initialised for vm-cluster2-node1:10000","time":"2016-02-18T17:06:14.768Z","v":0}
{"name":"HiveThriftLibrary","hostname":"vm-cluster2-node1","pid":12521,"entity":"Client object","level":10,"msg":"Session opened for user root with protocol value = 6","time":"2016-02-18T17:06:14.801Z","v":0}
{"name":"HiveThriftLibrary","hostname":"vm-cluster2-node1","pid":12521,"entity":"Client object","level":10,"msg":"getSchemas : {\"sessionId\":{\"guid\":{\"type\":\"Buffer\",\"data\":[115,22,115,3,203,204,65,73,172,38,162,78,31,9,47,206]},\"secret\":{\"type\":\"Buffer\",\"data\":[154,221,183,15,188,89,69,231,132,5,224,59,216,189,47,45]}}}","time":"2016-02-18T17:06:14.804Z","v":0}
{"name":"HiveThriftLibrary","hostname":"vm-cluster2-node1","pid":12521,"entity":"Client object","level":10,"msg":"getSchemas done","time":"2016-02-18T17:06:14.814Z","v":0}
{"name":"HiveThriftLibrary","hostname":"vm-cluster2-node1","pid":12521,"entity":"Client object","level":10,"msg":"fetchRows on {\"operationId\":{\"guid\":{\"type\":\"Buffer\",\"data\":[16,134,63,199,25,121,73,20,171,150,140,169,120,207,101,74]},\"secret\":{\"type\":\"Buffer\",\"data\":[207,22,188,100,178,79,77,139,154,12,67,127,249,229,185,8]}},\"operationType\":3,\"hasResultSet\":true,\"modifiedRowCount\":null}","time":"2016-02-18T17:06:14.814Z","v":0}
{"name":"HiveThriftLibrary","hostname":"vm-cluster2-node1","pid":12521,"entity":"Client object","level":10,"msg":"fetchRows done","time":"2016-02-18T17:06:14.818Z","v":0}
{"name":"HiveThriftLibrary","hostname":"vm-cluster2-node1","pid":12535,"entity":"Client object","level":10,"msg":"connect ...","time":"2016-02-18T17:06:28.474Z","v":0}
{"name":"HiveThriftLibrary","hostname":"vm-cluster2-node1","pid":12535,"entity":"Client object","level":10,"msg":"Connection initialised for vm-cluster2-node1:10000","time":"2016-02-18T17:06:28.484Z","v":0}
{"name":"HiveThriftLibrary","hostname":"vm-cluster2-node1","pid":12535,"entity":"Client object","level":10,"msg":"Session opened for user root with protocol value = 6","time":"2016-02-18T17:06:28.524Z","v":0}
{"name":"HiveThriftLibrary","hostname":"vm-cluster2-node1","pid":12535,"entity":"Client object","level":10,"msg":"getSchemas : {\"sessionId\":{\"guid\":{\"type\":\"Buffer\",\"data\":[229,115,158,132,179,38,76,183,162,181,225,222,149,214,87,184]},\"secret\":{\"type\":\"Buffer\",\"data\":[198,28,155,181,176,72,71,14,172,120,66,158,75,79,22,149]}}}","time":"2016-02-18T17:06:28.526Z","v":0}
{"name":"HiveThriftLibrary","hostname":"vm-cluster2-node1","pid":12535,"entity":"Client object","level":10,"msg":"getSchemas done","time":"2016-02-18T17:06:28.545Z","v":0}
{"name":"HiveThriftLibrary","hostname":"vm-cluster2-node1","pid":12535,"entity":"Client object","level":10,"msg":"fetchRows on {\"operationId\":{\"guid\":{\"type\":\"Buffer\",\"data\":[239,254,249,212,249,225,68,69,153,4,9,181,31,254,242,218]},\"secret\":{\"type\":\"Buffer\",\"data\":[174,121,159,231,75,212,73,28,145,216,29,50,126,218,137,202]}},\"operationType\":3,\"hasResultSet\":true,\"modifiedRowCount\":null}","time":"2016-02-18T17:06:28.545Z","v":0}
{"name":"HiveThriftLibrary","hostname":"vm-cluster2-node1","pid":12535,"entity":"Client object","level":10,"msg":"fetchRows done","time":"2016-02-18T17:06:28.551Z","v":0}
{"name":"HiveThriftLibrary","hostname":"vm-cluster2-node1","pid":12651,"entity":"Client object","level":10,"msg":"connect ...","time":"2016-02-18T17:06:54.790Z","v":0}
{"name":"HiveThriftLibrary","hostname":"vm-cluster2-node1","pid":12651,"entity":"Client object","level":10,"msg":"Connection initialised for vm-cluster2-node1:10000","time":"2016-02-18T17:06:54.798Z","v":0}
{"name":"HiveThriftLibrary","hostname":"vm-cluster2-node1","pid":12651,"entity":"Client object","level":10,"msg":"Session opened for user root with protocol value = 6","time":"2016-02-18T17:06:54.834Z","v":0}
{"name":"HiveThriftLibrary","hostname":"vm-cluster2-node1","pid":12651,"entity":"Client object","level":10,"msg":"getSchemas : {\"sessionId\":{\"guid\":{\"type\":\"Buffer\",\"data\":[9,55,173,197,15,32,64,96,172,88,156,190,193,16,27,25]},\"secret\":{\"type\":\"Buffer\",\"data\":[90,130,83,5,228,59,65,17,187,202,19,194,205,78,70,153]}}}","time":"2016-02-18T17:06:54.835Z","v":0}
{"name":"HiveThriftLibrary","hostname":"vm-cluster2-node1","pid":12651,"entity":"Client object","level":10,"msg":"getSchemas done","time":"2016-02-18T17:06:54.844Z","v":0}
{"name":"HiveThriftLibrary","hostname":"vm-cluster2-node1","pid":12651,"entity":"Client object","level":10,"msg":"fetchRows on {\"operationId\":{\"guid\":{\"type\":\"Buffer\",\"data\":[162,96,232,212,147,157,76,39,136,135,220,15,89,81,206,172]},\"secret\":{\"type\":\"Buffer\",\"data\":[26,86,198,150,124,212,68,138,160,132,107,21,186,140,152,112]}},\"operationType\":3,\"hasResultSet\":true,\"modifiedRowCount\":null}","time":"2016-02-18T17:06:54.845Z","v":0}
{"name":"HiveThriftLibrary","hostname":"vm-cluster2-node1","pid":12651,"entity":"Client object","level":10,"msg":"fetchRows done","time":"2016-02-18T17:06:54.852Z","v":0}
{"name":"HiveThriftLibrary","hostname":"vm-cluster2-node1","pid":12704,"entity":"Client object","level":10,"msg":"connect ...","time":"2016-02-18T17:07:15.977Z","v":0}
{"name":"HiveThriftLibrary","hostname":"vm-cluster2-node1","pid":12704,"entity":"Client object","level":10,"msg":"Connection initialised for vm-cluster2-node1:10000","time":"2016-02-18T17:07:15.986Z","v":0}
{"name":"HiveThriftLibrary","hostname":"vm-cluster2-node1","pid":12704,"entity":"Client object","level":10,"msg":"Session opened for user root with protocol value = 6","time":"2016-02-18T17:07:16.023Z","v":0}
{"name":"HiveThriftLibrary","hostname":"vm-cluster2-node1","pid":12704,"entity":"Client object","level":10,"msg":"getSchemas : {\"sessionId\":{\"guid\":{\"type\":\"Buffer\",\"data\":[151,70,115,6,211,39,64,187,129,14,144,61,2,150,207,171]},\"secret\":{\"type\":\"Buffer\",\"data\":[69,170,210,127,74,223,69,168,152,105,138,22,207,157,170,210]}}}","time":"2016-02-18T17:07:16.024Z","v":0}
{"name":"HiveThriftLibrary","hostname":"vm-cluster2-node1","pid":12704,"entity":"Client object","level":10,"msg":"getSchemas done","time":"2016-02-18T17:07:16.034Z","v":0}
{"name":"HiveThriftLibrary","hostname":"vm-cluster2-node1","pid":12704,"entity":"Client object","level":10,"msg":"fetchRows on {\"operationId\":{\"guid\":{\"type\":\"Buffer\",\"data\":[64,251,171,116,107,234,69,245,150,113,250,42,95,211,37,240]},\"secret\":{\"type\":\"Buffer\",\"data\":[92,116,169,233,129,34,79,167,157,242,247,6,59,176,145,232]}},\"operationType\":3,\"hasResultSet\":true,\"modifiedRowCount\":null}","time":"2016-02-18T17:07:16.034Z","v":0}
{"name":"HiveThriftLibrary","hostname":"vm-cluster2-node1","pid":12704,"entity":"Client object","level":10,"msg":"fetchRows done","time":"2016-02-18T17:07:16.043Z","v":0}
{"name":"HiveThriftLibrary","hostname":"vm-cluster2-node1","pid":12761,"entity":"Client object","level":10,"msg":"connect ...","time":"2016-02-18T17:07:52.040Z","v":0}
{"name":"HiveThriftLibrary","hostname":"vm-cluster2-node1","pid":12761,"entity":"Client object","level":10,"msg":"Connection initialised for vm-cluster2-node1:10000","time":"2016-02-18T17:07:52.048Z","v":0}
{"name":"HiveThriftLibrary","hostname":"vm-cluster2-node1","pid":12761,"entity":"Client object","level":10,"msg":"Session opened for user root with protocol value = 6","time":"2016-02-18T17:07:52.096Z","v":0}
{"name":"HiveThriftLibrary","hostname":"vm-cluster2-node1","pid":12761,"entity":"Client object","level":10,"msg":"getSchemas : {\"sessionId\":{\"guid\":{\"type\":\"Buffer\",\"data\":[197,129,191,249,42,167,71,200,156,167,169,196,67,95,138,192]},\"secret\":{\"type\":\"Buffer\",\"data\":[175,97,250,79,220,204,78,47,183,234,2,55,206,236,165,164]}}}","time":"2016-02-18T17:07:52.098Z","v":0}
{"name":"HiveThriftLibrary","hostname":"vm-cluster2-node1","pid":12761,"entity":"Client object","level":10,"msg":"getSchemas done","time":"2016-02-18T17:07:52.108Z","v":0}
{"name":"HiveThriftLibrary","hostname":"vm-cluster2-node1","pid":12761,"entity":"Client object","level":10,"msg":"fetchRows on {\"operationId\":{\"guid\":{\"type\":\"Buffer\",\"data\":[142,88,99,231,224,183,67,44,130,135,89,75,230,243,219,100]},\"secret\":{\"type\":\"Buffer\",\"data\":[29,42,91,49,187,238,69,84,180,154,6,82,83,33,237,45]}},\"operationType\":3,\"hasResultSet\":true,\"modifiedRowCount\":null}","time":"2016-02-18T17:07:52.109Z","v":0}
{"name":"HiveThriftLibrary","hostname":"vm-cluster2-node1","pid":12761,"entity":"Client object","level":10,"msg":"fetchRows done","time":"2016-02-18T17:07:52.114Z","v":0}
{"name":"HiveThriftLibrary","hostname":"vm-cluster2-node1","pid":12830,"entity":"Client object","level":10,"msg":"connect ...","time":"2016-02-18T17:08:14.744Z","v":0}
{"name":"HiveThriftLibrary","hostname":"vm-cluster2-node1","pid":12830,"entity":"Client object","level":10,"msg":"Connection initialised for vm-cluster2-node1:10000","time":"2016-02-18T17:08:14.754Z","v":0}
{"name":"HiveThriftLibrary","hostname":"vm-cluster2-node1","pid":12830,"entity":"Client object","level":10,"msg":"Session opened for user root with protocol value = 6","time":"2016-02-18T17:08:14.784Z","v":0}
{"name":"HiveThriftLibrary","hostname":"vm-cluster2-node1","pid":12830,"entity":"Client object","level":10,"msg":"getSchemas : {\"sessionId\":{\"guid\":{\"type\":\"Buffer\",\"data\":[55,24,50,16,189,2,77,0,187,193,196,120,237,77,103,238]},\"secret\":{\"type\":\"Buffer\",\"data\":[80,250,39,229,156,224,71,29,169,126,38,100,100,33,209,238]}}}","time":"2016-02-18T17:08:14.785Z","v":0}
{"name":"HiveThriftLibrary","hostname":"vm-cluster2-node1","pid":12830,"entity":"Client object","level":10,"msg":"getSchemas done","time":"2016-02-18T17:08:14.794Z","v":0}
{"name":"HiveThriftLibrary","hostname":"vm-cluster2-node1","pid":12830,"entity":"Client object","level":10,"msg":"fetchRows on {\"operationId\":{\"guid\":{\"type\":\"Buffer\",\"data\":[4,63,55,63,28,10,64,139,149,182,160,180,145,51,92,22]},\"secret\":{\"type\":\"Buffer\",\"data\":[245,249,197,149,125,219,78,191,143,70,77,137,20,206,128,220]}},\"operationType\":3,\"hasResultSet\":true,\"modifiedRowCount\":null}","time":"2016-02-18T17:08:14.794Z","v":0}
{"name":"HiveThriftLibrary","hostname":"vm-cluster2-node1","pid":12830,"entity":"Client object","level":10,"msg":"fetchRows done","time":"2016-02-18T17:08:14.801Z","v":0}
{"name":"HiveThriftLibrary","hostname":"vm-cluster2-node1","pid":12943,"entity":"Client object","level":10,"msg":"connect ...","time":"2016-02-18T17:08:50.903Z","v":0}
{"name":"HiveThriftLibrary","hostname":"vm-cluster2-node1","pid":12943,"entity":"Client object","level":10,"msg":"Connection initialised for vm-cluster2-node1:10000","time":"2016-02-18T17:08:50.913Z","v":0}
{"name":"HiveThriftLibrary","hostname":"vm-cluster2-node1","pid":12943,"entity":"Client object","level":10,"msg":"Session opened for user root with protocol value = 6","time":"2016-02-18T17:08:50.944Z","v":0}
{"name":"HiveThriftLibrary","hostname":"vm-cluster2-node1","pid":12943,"entity":"Client object","level":10,"msg":"getSchemas : {\"sessionId\":{\"guid\":{\"type\":\"Buffer\",\"data\":[190,142,182,160,65,195,75,204,167,233,26,83,175,11,136,91]},\"secret\":{\"type\":\"Buffer\",\"data\":[64,174,79,215,24,166,73,86,175,252,202,8,22,148,189,225]}}}","time":"2016-02-18T17:08:50.944Z","v":0}
{"name":"HiveThriftLibrary","hostname":"vm-cluster2-node1","pid":12943,"entity":"Client object","level":10,"msg":"getSchemas done","time":"2016-02-18T17:08:50.956Z","v":0}
{"name":"HiveThriftLibrary","hostname":"vm-cluster2-node1","pid":12943,"entity":"Client object","level":10,"msg":"fetchRows on {\"operationId\":{\"guid\":{\"type\":\"Buffer\",\"data\":[149,230,157,220,255,73,70,9,157,231,184,158,36,206,191,98]},\"secret\":{\"type\":\"Buffer\",\"data\":[106,69,2,142,2,202,78,51,186,216,183,144,95,50,210,1]}},\"operationType\":3,\"hasResultSet\":true,\"modifiedRowCount\":null}","time":"2016-02-18T17:08:50.956Z","v":0}
{"name":"HiveThriftLibrary","hostname":"vm-cluster2-node1","pid":12943,"entity":"Client object","level":10,"msg":"fetchRows done","time":"2016-02-18T17:08:50.964Z","v":0}
{"name":"HiveThriftLibrary","hostname":"vm-cluster2-node1","pid":13007,"entity":"Client object","level":10,"msg":"connect ...","time":"2016-02-18T17:09:11.938Z","v":0}
{"name":"HiveThriftLibrary","hostname":"vm-cluster2-node1","pid":13007,"entity":"Client object","level":10,"msg":"Connection initialised for vm-cluster2-node1:10000","time":"2016-02-18T17:09:11.947Z","v":0}
{"name":"HiveThriftLibrary","hostname":"vm-cluster2-node1","pid":13007,"entity":"Client object","level":10,"msg":"Session opened for user root with protocol value = 6","time":"2016-02-18T17:09:11.977Z","v":0}
{"name":"HiveThriftLibrary","hostname":"vm-cluster2-node1","pid":13007,"entity":"Client object","level":10,"msg":"getSchemas : {\"sessionId\":{\"guid\":{\"type\":\"Buffer\",\"data\":[248,49,27,214,189,253,76,103,132,98,10,122,63,22,208,159]},\"secret\":{\"type\":\"Buffer\",\"data\":[219,142,112,69,22,185,71,243,187,174,84,49,122,154,196,61]}}}","time":"2016-02-18T17:09:11.980Z","v":0}
{"name":"HiveThriftLibrary","hostname":"vm-cluster2-node1","pid":13007,"entity":"Client object","level":10,"msg":"getSchemas done","time":"2016-02-18T17:09:11.988Z","v":0}
{"name":"HiveThriftLibrary","hostname":"vm-cluster2-node1","pid":13007,"entity":"Client object","level":10,"msg":"fetchRows on {\"operationId\":{\"guid\":{\"type\":\"Buffer\",\"data\":[172,188,138,220,199,7,68,207,185,214,240,167,6,190,116,164]},\"secret\":{\"type\":\"Buffer\",\"data\":[113,93,193,142,109,138,65,58,156,154,98,209,98,35,18,111]}},\"operationType\":3,\"hasResultSet\":true,\"modifiedRowCount\":null}","time":"2016-02-18T17:09:11.989Z","v":0}
{"name":"HiveThriftLibrary","hostname":"vm-cluster2-node1","pid":13007,"entity":"Client object","level":10,"msg":"fetchRows done","time":"2016-02-18T17:09:11.994Z","v":0}
{"name":"HiveThriftLibrary","hostname":"vm-cluster2-node1","pid":13113,"entity":"Client object","level":10,"msg":"connect ...","time":"2016-02-18T17:10:14.522Z","v":0}
{"name":"HiveThriftLibrary","hostname":"vm-cluster2-node1","pid":13113,"entity":"Client object","level":10,"msg":"Connection initialised for vm-cluster2-node1:10000","time":"2016-02-18T17:10:14.531Z","v":0}
{"name":"HiveThriftLibrary","hostname":"vm-cluster2-node1","pid":13113,"entity":"Client object","level":10,"msg":"Session opened for user root with protocol value = 6","time":"2016-02-18T17:10:14.566Z","v":0}
{"name":"HiveThriftLibrary","hostname":"vm-cluster2-node1","pid":13113,"entity":"Client object","level":10,"msg":"getSchemas : {\"sessionId\":{\"guid\":{\"type\":\"Buffer\",\"data\":[134,237,236,45,128,98,78,174,161,46,111,73,254,204,25,212]},\"secret\":{\"type\":\"Buffer\",\"data\":[58,84,4,222,80,254,65,112,162,232,125,200,194,95,164,249]}}}","time":"2016-02-18T17:10:14.568Z","v":0}
{"name":"HiveThriftLibrary","hostname":"vm-cluster2-node1","pid":13113,"entity":"Client object","level":10,"msg":"getSchemas done","time":"2016-02-18T17:10:14.578Z","v":0}
{"name":"HiveThriftLibrary","hostname":"vm-cluster2-node1","pid":13113,"entity":"Client object","level":10,"msg":"fetchRows on {\"operationId\":{\"guid\":{\"type\":\"Buffer\",\"data\":[36,24,242,58,154,41,79,175,154,87,201,251,65,185,64,112]},\"secret\":{\"type\":\"Buffer\",\"data\":[48,162,16,182,136,229,67,64,138,234,236,167,75,76,154,128]}},\"operationType\":3,\"hasResultSet\":true,\"modifiedRowCount\":null}","time":"2016-02-18T17:10:14.578Z","v":0}
{"name":"HiveThriftLibrary","hostname":"vm-cluster2-node1","pid":13113,"entity":"Client object","level":10,"msg":"fetchRows done","time":"2016-02-18T17:10:14.584Z","v":0}
{"name":"HiveThriftLibrary","hostname":"vm-cluster2-node1","pid":13266,"entity":"Client object","level":10,"msg":"connect ...","time":"2016-02-18T17:11:04.028Z","v":0}
{"name":"HiveThriftLibrary","hostname":"vm-cluster2-node1","pid":13266,"entity":"Client object","level":10,"msg":"Connection initialised for vm-cluster2-node1:10000","time":"2016-02-18T17:11:04.037Z","v":0}
{"name":"HiveThriftLibrary","hostname":"vm-cluster2-node1","pid":13266,"entity":"Client object","level":10,"msg":"Session opened for user root with protocol value = 6","time":"2016-02-18T17:11:04.070Z","v":0}
{"name":"HiveThriftLibrary","hostname":"vm-cluster2-node1","pid":13266,"entity":"Client object","level":10,"msg":"getSchemas : {\"sessionId\":{\"guid\":{\"type\":\"Buffer\",\"data\":[247,221,196,177,245,239,71,200,167,77,221,137,216,16,53,249]},\"secret\":{\"type\":\"Buffer\",\"data\":[225,8,71,4,77,23,71,178,167,195,32,174,245,40,30,147]}}}","time":"2016-02-18T17:11:04.071Z","v":0}
{"name":"HiveThriftLibrary","hostname":"vm-cluster2-node1","pid":13266,"entity":"Client object","level":10,"msg":"getSchemas done","time":"2016-02-18T17:11:04.079Z","v":0}
{"name":"HiveThriftLibrary","hostname":"vm-cluster2-node1","pid":13266,"entity":"Client object","level":10,"msg":"fetchRows on {\"operationId\":{\"guid\":{\"type\":\"Buffer\",\"data\":[210,64,56,138,42,7,68,113,138,98,132,101,249,178,192,35]},\"secret\":{\"type\":\"Buffer\",\"data\":[24,39,226,65,12,2,65,226,175,244,56,123,164,164,212,18]}},\"operationType\":3,\"hasResultSet\":true,\"modifiedRowCount\":null}","time":"2016-02-18T17:11:04.080Z","v":0}
{"name":"HiveThriftLibrary","hostname":"vm-cluster2-node1","pid":13266,"entity":"Client object","level":10,"msg":"fetchRows done","time":"2016-02-18T17:11:04.084Z","v":0}
{"name":"HiveThriftLibrary","hostname":"vm-cluster2-node1","pid":13409,"entity":"Client object","level":10,"msg":"connect ...","time":"2016-02-18T17:12:21.472Z","v":0}
{"name":"HiveThriftLibrary","hostname":"vm-cluster2-node1","pid":13409,"entity":"Client object","level":10,"msg":"Connection initialised for vm-cluster2-node1:10000","time":"2016-02-18T17:12:21.479Z","v":0}
{"name":"HiveThriftLibrary","hostname":"vm-cluster2-node1","pid":13409,"entity":"Client object","level":10,"msg":"Session opened for user root with protocol value = 6","time":"2016-02-18T17:12:21.510Z","v":0}
{"name":"HiveThriftLibrary","hostname":"vm-cluster2-node1","pid":13409,"entity":"Client object","level":10,"msg":"getSchemas : {\"sessionId\":{\"guid\":{\"type\":\"Buffer\",\"data\":[207,82,44,151,94,49,77,249,150,55,56,162,169,166,14,69]},\"secret\":{\"type\":\"Buffer\",\"data\":[201,49,241,64,247,1,77,23,191,91,240,114,176,188,30,178]}}}","time":"2016-02-18T17:12:21.512Z","v":0}
{"name":"HiveThriftLibrary","hostname":"vm-cluster2-node1","pid":13409,"entity":"Client object","level":10,"msg":"getSchemas done","time":"2016-02-18T17:12:21.520Z","v":0}
{"name":"HiveThriftLibrary","hostname":"vm-cluster2-node1","pid":13409,"entity":"Client object","level":10,"msg":"fetchRows on {\"operationId\":{\"guid\":{\"type\":\"Buffer\",\"data\":[216,117,157,232,103,239,78,42,168,236,15,226,179,190,183,136]},\"secret\":{\"type\":\"Buffer\",\"data\":[164,225,102,28,228,33,70,208,141,186,90,228,237,162,223,72]}},\"operationType\":3,\"hasResultSet\":true,\"modifiedRowCount\":null}","time":"2016-02-18T17:12:21.520Z","v":0}
{"name":"HiveThriftLibrary","hostname":"vm-cluster2-node1","pid":13409,"entity":"Client object","level":10,"msg":"fetchRows done","time":"2016-02-18T17:12:21.524Z","v":0}
{"name":"HiveThriftLibrary","hostname":"vm-cluster2-node1","pid":13521,"entity":"Client object","level":10,"msg":"connect ...","time":"2016-02-18T17:12:52.757Z","v":0}
{"name":"HiveThriftLibrary","hostname":"vm-cluster2-node1","pid":13521,"entity":"Client object","level":10,"msg":"Connection initialised for vm-cluster2-node1:10000","time":"2016-02-18T17:12:52.765Z","v":0}
{"name":"HiveThriftLibrary","hostname":"vm-cluster2-node1","pid":13521,"entity":"Client object","level":10,"msg":"Session opened for user root with protocol value = 6","time":"2016-02-18T17:12:52.814Z","v":0}
{"name":"HiveThriftLibrary","hostname":"vm-cluster2-node1","pid":13521,"entity":"Client object","level":10,"msg":"getSchemas : {\"sessionId\":{\"guid\":{\"type\":\"Buffer\",\"data\":[105,92,72,27,198,26,67,90,147,40,250,137,250,99,140,128]},\"secret\":{\"type\":\"Buffer\",\"data\":[251,167,71,179,84,2,69,59,149,231,252,28,223,36,151,116]}}}","time":"2016-02-18T17:12:52.816Z","v":0}
{"name":"HiveThriftLibrary","hostname":"vm-cluster2-node1","pid":13521,"entity":"Client object","level":10,"msg":"getSchemas done","time":"2016-02-18T17:12:52.828Z","v":0}
{"name":"HiveThriftLibrary","hostname":"vm-cluster2-node1","pid":13521,"entity":"Client object","level":10,"msg":"fetchRows on {\"operationId\":{\"guid\":{\"type\":\"Buffer\",\"data\":[213,55,127,45,133,155,73,134,149,39,62,225,226,134,107,93]},\"secret\":{\"type\":\"Buffer\",\"data\":[177,206,144,83,210,14,65,220,169,176,67,163,2,110,103,13]}},\"operationType\":3,\"hasResultSet\":true,\"modifiedRowCount\":null}","time":"2016-02-18T17:12:52.828Z","v":0}
{"name":"HiveThriftLibrary","hostname":"vm-cluster2-node1","pid":13521,"entity":"Client object","level":10,"msg":"fetchRows done","time":"2016-02-18T17:12:52.834Z","v":0}
{"name":"HiveThriftLibrary","hostname":"vm-cluster2-node1","pid":13564,"entity":"Client object","level":10,"msg":"connect ...","time":"2016-02-18T17:13:03.355Z","v":0}
{"name":"HiveThriftLibrary","hostname":"vm-cluster2-node1","pid":13564,"entity":"Client object","level":10,"msg":"Connection initialised for vm-cluster2-node1:10000","time":"2016-02-18T17:13:03.364Z","v":0}
{"name":"HiveThriftLibrary","hostname":"vm-cluster2-node1","pid":13564,"entity":"Client object","level":10,"msg":"Session opened for user root with protocol value = 6","time":"2016-02-18T17:13:03.403Z","v":0}
{"name":"HiveThriftLibrary","hostname":"vm-cluster2-node1","pid":13564,"entity":"Client object","level":10,"msg":"getSchemas : {\"sessionId\":{\"guid\":{\"type\":\"Buffer\",\"data\":[54,129,184,161,251,164,71,228,173,12,237,20,242,80,199,60]},\"secret\":{\"type\":\"Buffer\",\"data\":[1,2,64,236,153,36,77,184,136,182,104,27,144,190,208,84]}}}","time":"2016-02-18T17:13:03.405Z","v":0}
{"name":"HiveThriftLibrary","hostname":"vm-cluster2-node1","pid":13564,"entity":"Client object","level":10,"msg":"getSchemas done","time":"2016-02-18T17:13:03.416Z","v":0}
{"name":"HiveThriftLibrary","hostname":"vm-cluster2-node1","pid":13564,"entity":"Client object","level":10,"msg":"fetchRows on {\"operationId\":{\"guid\":{\"type\":\"Buffer\",\"data\":[55,145,124,36,222,69,66,218,145,240,230,25,141,172,62,161]},\"secret\":{\"type\":\"Buffer\",\"data\":[44,216,33,219,74,42,75,1,171,32,145,202,150,92,11,190]}},\"operationType\":3,\"hasResultSet\":true,\"modifiedRowCount\":null}","time":"2016-02-18T17:13:03.417Z","v":0}
{"name":"HiveThriftLibrary","hostname":"vm-cluster2-node1","pid":13564,"entity":"Client object","level":10,"msg":"fetchRows done","time":"2016-02-18T17:13:03.424Z","v":0}
{"name":"HiveThriftLibrary","hostname":"vm-cluster2-node1","pid":13564,"entity":"Client object","level":10,"msg":"disconnect = [object Object]","time":"2016-02-18T17:13:03.424Z","v":0}
{"name":"HiveThriftLibrary","hostname":"vm-cluster2-node1","pid":13564,"entity":"Client object","level":10,"msg":"session closed","time":"2016-02-18T17:13:03.435Z","v":0}
{"name":"HiveThriftLibrary","hostname":"vm-cluster2-node1","pid":8864,"entity":"Client object","level":10,"msg":"connect ...","time":"2016-02-19T10:48:51.107Z","v":0}
{"name":"HiveThriftLibrary","hostname":"vm-cluster2-node1","pid":8864,"entity":"Client object","level":10,"msg":"Connection initialised for vm-cluster2-node1:10000","time":"2016-02-19T10:48:51.118Z","v":0}
{"name":"HiveThriftLibrary","hostname":"vm-cluster2-node1","pid":8864,"entity":"Client object","level":10,"msg":"Session opened for user root with protocol value = 6","time":"2016-02-19T10:48:51.313Z","v":0}
{"name":"HiveThriftLibrary","hostname":"vm-cluster2-node1","pid":8864,"entity":"Client object","level":10,"msg":"getSchemas : {\"sessionId\":{\"guid\":{\"type\":\"Buffer\",\"data\":[193,80,246,51,241,96,67,95,132,244,110,117,128,234,83,218]},\"secret\":{\"type\":\"Buffer\",\"data\":[106,14,154,234,236,44,70,85,130,1,164,228,143,201,122,140]}}}","time":"2016-02-19T10:48:51.316Z","v":0}
{"name":"HiveThriftLibrary","hostname":"vm-cluster2-node1","pid":8864,"entity":"Client object","level":10,"msg":"getSchemas done","time":"2016-02-19T10:48:51.475Z","v":0}
{"name":"HiveThriftLibrary","hostname":"vm-cluster2-node1","pid":8864,"entity":"Client object","level":10,"msg":"fetchRows on {\"operationId\":{\"guid\":{\"type\":\"Buffer\",\"data\":[133,105,145,217,165,104,68,202,143,22,244,161,35,21,172,51]},\"secret\":{\"type\":\"Buffer\",\"data\":[196,40,53,172,233,80,78,33,158,72,11,144,102,135,32,200]}},\"operationType\":3,\"hasResultSet\":true,\"modifiedRowCount\":null}","time":"2016-02-19T10:48:51.475Z","v":0}
{"name":"HiveThriftLibrary","hostname":"vm-cluster2-node1","pid":8864,"entity":"Client object","level":10,"msg":"fetchRows done","time":"2016-02-19T10:48:51.530Z","v":0}
{"name":"HiveThriftLibrary","hostname":"vm-cluster2-node1","pid":9189,"entity":"Client object","level":10,"msg":"connect ...","time":"2016-02-19T10:51:21.303Z","v":0}
{"name":"HiveThriftLibrary","hostname":"vm-cluster2-node1","pid":9189,"entity":"Client object","level":10,"msg":"Connection initialised for vm-cluster2-node1:10000","time":"2016-02-19T10:51:21.313Z","v":0}
{"name":"HiveThriftLibrary","hostname":"vm-cluster2-node1","pid":9189,"entity":"Client object","level":10,"msg":"Session opened for user root with protocol value = 6","time":"2016-02-19T10:51:21.363Z","v":0}
{"name":"HiveThriftLibrary","hostname":"vm-cluster2-node1","pid":9189,"entity":"Client object","level":10,"msg":"getSchemas : {\"sessionId\":{\"guid\":{\"type\":\"Buffer\",\"data\":[11,216,132,88,34,58,66,88,183,81,148,240,173,74,127,99]},\"secret\":{\"type\":\"Buffer\",\"data\":[9,2,0,23,120,164,72,147,145,107,114,15,228,222,218,1]}}}","time":"2016-02-19T10:51:21.364Z","v":0}
{"name":"HiveThriftLibrary","hostname":"vm-cluster2-node1","pid":9189,"entity":"Client object","level":10,"msg":"getSchemas done","time":"2016-02-19T10:51:21.383Z","v":0}
{"name":"HiveThriftLibrary","hostname":"vm-cluster2-node1","pid":9189,"entity":"Client object","level":10,"msg":"fetchRows on {\"operationId\":{\"guid\":{\"type\":\"Buffer\",\"data\":[57,225,46,233,179,19,74,36,160,80,230,135,241,42,174,210]},\"secret\":{\"type\":\"Buffer\",\"data\":[74,139,116,155,180,173,69,116,172,69,169,181,148,91,133,249]}},\"operationType\":3,\"hasResultSet\":true,\"modifiedRowCount\":null}","time":"2016-02-19T10:51:21.383Z","v":0}
{"name":"HiveThriftLibrary","hostname":"vm-cluster2-node1","pid":9189,"entity":"Client object","level":10,"msg":"fetchRows done","time":"2016-02-19T10:51:21.387Z","v":0}
{"name":"HiveThriftLibrary","hostname":"vm-cluster2-node1","pid":9189,"entity":"Client object","level":10,"msg":"getTables : {\"sessionId\":{\"guid\":{\"type\":\"Buffer\",\"data\":[11,216,132,88,34,58,66,88,183,81,148,240,173,74,127,99]},\"secret\":{\"type\":\"Buffer\",\"data\":[9,2,0,23,120,164,72,147,145,107,114,15,228,222,218,1]}}}","time":"2016-02-19T10:51:21.390Z","v":0}
{"name":"HiveThriftLibrary","hostname":"vm-cluster2-node1","pid":9189,"entity":"Client object","level":10,"msg":"getTables done","time":"2016-02-19T10:51:21.469Z","v":0}
{"name":"HiveThriftLibrary","hostname":"vm-cluster2-node1","pid":9189,"entity":"Client object","level":10,"msg":"fetchRows on {\"operationId\":{\"guid\":{\"type\":\"Buffer\",\"data\":[135,62,104,236,18,43,67,35,163,13,255,219,87,100,206,251]},\"secret\":{\"type\":\"Buffer\",\"data\":[235,214,99,128,145,48,64,6,189,134,186,63,97,228,220,37]}},\"operationType\":4,\"hasResultSet\":true,\"modifiedRowCount\":null}","time":"2016-02-19T10:51:21.470Z","v":0}
{"name":"HiveThriftLibrary","hostname":"vm-cluster2-node1","pid":9189,"entity":"Client object","level":10,"msg":"fetchRows done","time":"2016-02-19T10:51:21.472Z","v":0}
{"name":"HiveThriftLibrary","hostname":"vm-cluster2-node1","pid":9189,"entity":"Client object","level":10,"msg":"disconnect = [object Object]","time":"2016-02-19T10:51:21.473Z","v":0}
{"name":"HiveThriftLibrary","hostname":"vm-cluster2-node1","pid":9189,"entity":"Client object","level":10,"msg":"session closed","time":"2016-02-19T10:51:21.513Z","v":0}
{"name":"HiveThriftLibrary","hostname":"vm-cluster2-node1","pid":9223,"entity":"Client object","level":10,"msg":"connect ...","time":"2016-02-19T10:51:43.889Z","v":0}
{"name":"HiveThriftLibrary","hostname":"vm-cluster2-node1","pid":9223,"entity":"Client object","level":10,"msg":"Connection initialised for vm-cluster2-node1:10000","time":"2016-02-19T10:51:43.899Z","v":0}
{"name":"HiveThriftLibrary","hostname":"vm-cluster2-node1","pid":9223,"entity":"Client object","level":10,"msg":"Session opened for user root with protocol value = 6","time":"2016-02-19T10:51:43.943Z","v":0}
{"name":"HiveThriftLibrary","hostname":"vm-cluster2-node1","pid":9223,"entity":"Client object","level":10,"msg":"getSchemas : {\"sessionId\":{\"guid\":{\"type\":\"Buffer\",\"data\":[210,160,249,93,229,31,77,142,157,176,245,186,112,103,21,186]},\"secret\":{\"type\":\"Buffer\",\"data\":[238,171,213,78,16,236,67,176,161,168,25,7,245,93,99,43]}}}","time":"2016-02-19T10:51:43.943Z","v":0}
{"name":"HiveThriftLibrary","hostname":"vm-cluster2-node1","pid":9223,"entity":"Client object","level":10,"msg":"getSchemas done","time":"2016-02-19T10:51:43.963Z","v":0}
{"name":"HiveThriftLibrary","hostname":"vm-cluster2-node1","pid":9223,"entity":"Client object","level":10,"msg":"fetchRows on {\"operationId\":{\"guid\":{\"type\":\"Buffer\",\"data\":[161,241,148,162,47,67,78,174,134,96,178,207,246,210,76,200]},\"secret\":{\"type\":\"Buffer\",\"data\":[224,231,72,40,148,188,64,246,178,66,168,77,222,110,0,160]}},\"operationType\":3,\"hasResultSet\":true,\"modifiedRowCount\":null}","time":"2016-02-19T10:51:43.963Z","v":0}
{"name":"HiveThriftLibrary","hostname":"vm-cluster2-node1","pid":9223,"entity":"Client object","level":10,"msg":"fetchRows done","time":"2016-02-19T10:51:43.969Z","v":0}
{"name":"HiveThriftLibrary","hostname":"vm-cluster2-node1","pid":9223,"entity":"Client object","level":10,"msg":"getTables : {\"sessionId\":{\"guid\":{\"type\":\"Buffer\",\"data\":[210,160,249,93,229,31,77,142,157,176,245,186,112,103,21,186]},\"secret\":{\"type\":\"Buffer\",\"data\":[238,171,213,78,16,236,67,176,161,168,25,7,245,93,99,43]}}}","time":"2016-02-19T10:51:43.971Z","v":0}
{"name":"HiveThriftLibrary","hostname":"vm-cluster2-node1","pid":9223,"entity":"Client object","level":10,"msg":"getTables done","time":"2016-02-19T10:51:43.983Z","v":0}
{"name":"HiveThriftLibrary","hostname":"vm-cluster2-node1","pid":9223,"entity":"Client object","level":10,"msg":"fetchRows on {\"operationId\":{\"guid\":{\"type\":\"Buffer\",\"data\":[15,20,70,221,163,203,73,222,173,43,216,83,221,171,155,149]},\"secret\":{\"type\":\"Buffer\",\"data\":[134,221,165,228,27,52,78,42,153,167,78,202,136,152,52,45]}},\"operationType\":4,\"hasResultSet\":true,\"modifiedRowCount\":null}","time":"2016-02-19T10:51:43.983Z","v":0}
{"name":"HiveThriftLibrary","hostname":"vm-cluster2-node1","pid":9223,"entity":"Client object","level":10,"msg":"fetchRows done","time":"2016-02-19T10:51:43.983Z","v":0}
{"name":"HiveThriftLibrary","hostname":"vm-cluster2-node1","pid":9223,"entity":"Client object","level":10,"msg":"disconnect = [object Object]","time":"2016-02-19T10:51:43.983Z","v":0}
{"name":"HiveThriftLibrary","hostname":"vm-cluster2-node1","pid":9223,"entity":"Client object","level":10,"msg":"session closed","time":"2016-02-19T10:51:43.995Z","v":0}
{"name":"HiveThriftLibrary","hostname":"vm-cluster2-node1","pid":9312,"entity":"Client object","level":10,"msg":"connect ...","time":"2016-02-19T10:51:57.668Z","v":0}
{"name":"HiveThriftLibrary","hostname":"vm-cluster2-node1","pid":9312,"entity":"Client object","level":10,"msg":"Connection initialised for vm-cluster2-node1:10000","time":"2016-02-19T10:51:57.676Z","v":0}
{"name":"HiveThriftLibrary","hostname":"vm-cluster2-node1","pid":9312,"entity":"Client object","level":10,"msg":"Session opened for user root with protocol value = 6","time":"2016-02-19T10:51:57.722Z","v":0}
{"name":"HiveThriftLibrary","hostname":"vm-cluster2-node1","pid":9312,"entity":"Client object","level":10,"msg":"getSchemas : {\"sessionId\":{\"guid\":{\"type\":\"Buffer\",\"data\":[230,173,1,182,58,219,70,244,182,58,123,174,54,210,255,139]},\"secret\":{\"type\":\"Buffer\",\"data\":[99,142,23,210,80,248,75,137,175,124,178,57,189,133,53,186]}}}","time":"2016-02-19T10:51:57.723Z","v":0}
{"name":"HiveThriftLibrary","hostname":"vm-cluster2-node1","pid":9312,"entity":"Client object","level":10,"msg":"getSchemas done","time":"2016-02-19T10:51:57.751Z","v":0}
{"name":"HiveThriftLibrary","hostname":"vm-cluster2-node1","pid":9312,"entity":"Client object","level":10,"msg":"fetchRows on {\"operationId\":{\"guid\":{\"type\":\"Buffer\",\"data\":[99,101,149,218,78,102,73,9,170,226,143,176,143,114,183,38]},\"secret\":{\"type\":\"Buffer\",\"data\":[96,207,134,182,56,171,77,94,143,157,243,39,22,166,101,197]}},\"operationType\":3,\"hasResultSet\":true,\"modifiedRowCount\":null}","time":"2016-02-19T10:51:57.752Z","v":0}
{"name":"HiveThriftLibrary","hostname":"vm-cluster2-node1","pid":9312,"entity":"Client object","level":10,"msg":"fetchRows done","time":"2016-02-19T10:51:57.757Z","v":0}
{"name":"HiveThriftLibrary","hostname":"vm-cluster2-node1","pid":9312,"entity":"Client object","level":10,"msg":"getTables : {\"sessionId\":{\"guid\":{\"type\":\"Buffer\",\"data\":[230,173,1,182,58,219,70,244,182,58,123,174,54,210,255,139]},\"secret\":{\"type\":\"Buffer\",\"data\":[99,142,23,210,80,248,75,137,175,124,178,57,189,133,53,186]}}}","time":"2016-02-19T10:51:57.760Z","v":0}
{"name":"HiveThriftLibrary","hostname":"vm-cluster2-node1","pid":9312,"entity":"Client object","level":10,"msg":"getTables done","time":"2016-02-19T10:51:57.902Z","v":0}
{"name":"HiveThriftLibrary","hostname":"vm-cluster2-node1","pid":9312,"entity":"Client object","level":10,"msg":"fetchRows on {\"operationId\":{\"guid\":{\"type\":\"Buffer\",\"data\":[97,147,148,89,253,237,76,99,135,66,118,39,118,170,85,99]},\"secret\":{\"type\":\"Buffer\",\"data\":[102,20,214,183,59,253,69,148,165,84,67,76,187,104,93,202]}},\"operationType\":4,\"hasResultSet\":true,\"modifiedRowCount\":null}","time":"2016-02-19T10:51:57.902Z","v":0}
{"name":"HiveThriftLibrary","hostname":"vm-cluster2-node1","pid":9312,"entity":"Client object","level":10,"msg":"fetchRows done","time":"2016-02-19T10:51:57.904Z","v":0}
{"name":"HiveThriftLibrary","hostname":"vm-cluster2-node1","pid":9312,"entity":"Client object","level":10,"msg":"disconnect = [object Object]","time":"2016-02-19T10:51:57.906Z","v":0}
{"name":"HiveThriftLibrary","hostname":"vm-cluster2-node1","pid":9312,"entity":"Client object","level":10,"msg":"session closed","time":"2016-02-19T10:51:57.915Z","v":0}
{"name":"HiveThriftLibrary","hostname":"vm-cluster2-node1","pid":9412,"entity":"Client object","level":10,"msg":"connect ...","time":"2016-02-19T10:52:42.431Z","v":0}
{"name":"HiveThriftLibrary","hostname":"vm-cluster2-node1","pid":9412,"entity":"Client object","level":10,"msg":"Connection initialised for vm-cluster2-node1:10000","time":"2016-02-19T10:52:42.439Z","v":0}
{"name":"HiveThriftLibrary","hostname":"vm-cluster2-node1","pid":9412,"entity":"Client object","level":10,"msg":"Session opened for user root with protocol value = 6","time":"2016-02-19T10:52:42.481Z","v":0}
{"name":"HiveThriftLibrary","hostname":"vm-cluster2-node1","pid":9412,"entity":"Client object","level":10,"msg":"getSchemas : {\"sessionId\":{\"guid\":{\"type\":\"Buffer\",\"data\":[113,118,80,168,198,28,76,95,175,105,164,238,84,144,216,150]},\"secret\":{\"type\":\"Buffer\",\"data\":[107,52,197,163,220,200,66,171,133,35,244,131,44,180,138,208]}}}","time":"2016-02-19T10:52:42.484Z","v":0}
{"name":"HiveThriftLibrary","hostname":"vm-cluster2-node1","pid":9412,"entity":"Client object","level":10,"msg":"getSchemas done","time":"2016-02-19T10:52:42.497Z","v":0}
{"name":"HiveThriftLibrary","hostname":"vm-cluster2-node1","pid":9412,"entity":"Client object","level":10,"msg":"fetchRows on {\"operationId\":{\"guid\":{\"type\":\"Buffer\",\"data\":[227,138,60,54,203,210,69,76,167,225,218,251,5,47,141,59]},\"secret\":{\"type\":\"Buffer\",\"data\":[16,148,114,83,146,194,66,97,141,22,39,0,146,229,122,89]}},\"operationType\":3,\"hasResultSet\":true,\"modifiedRowCount\":null}","time":"2016-02-19T10:52:42.497Z","v":0}
{"name":"HiveThriftLibrary","hostname":"vm-cluster2-node1","pid":9412,"entity":"Client object","level":10,"msg":"fetchRows done","time":"2016-02-19T10:52:42.504Z","v":0}
{"name":"HiveThriftLibrary","hostname":"vm-cluster2-node1","pid":9412,"entity":"Client object","level":10,"msg":"getTables : {\"sessionId\":{\"guid\":{\"type\":\"Buffer\",\"data\":[113,118,80,168,198,28,76,95,175,105,164,238,84,144,216,150]},\"secret\":{\"type\":\"Buffer\",\"data\":[107,52,197,163,220,200,66,171,133,35,244,131,44,180,138,208]}}}","time":"2016-02-19T10:52:42.504Z","v":0}
{"name":"HiveThriftLibrary","hostname":"vm-cluster2-node1","pid":9412,"entity":"Client object","level":10,"msg":"getTables done","time":"2016-02-19T10:52:42.583Z","v":0}
{"name":"HiveThriftLibrary","hostname":"vm-cluster2-node1","pid":9412,"entity":"Client object","level":10,"msg":"fetchRows on {\"operationId\":{\"guid\":{\"type\":\"Buffer\",\"data\":[75,199,210,166,221,147,75,242,156,222,88,11,7,5,42,108]},\"secret\":{\"type\":\"Buffer\",\"data\":[27,112,6,179,215,221,75,157,130,36,181,221,212,19,177,154]}},\"operationType\":4,\"hasResultSet\":true,\"modifiedRowCount\":null}","time":"2016-02-19T10:52:42.583Z","v":0}
{"name":"HiveThriftLibrary","hostname":"vm-cluster2-node1","pid":9412,"entity":"Client object","level":10,"msg":"fetchRows done","time":"2016-02-19T10:52:42.585Z","v":0}
{"name":"HiveThriftLibrary","hostname":"vm-cluster2-node1","pid":9412,"entity":"Client object","level":10,"msg":"disconnect = [object Object]","time":"2016-02-19T10:52:42.590Z","v":0}
{"name":"HiveThriftLibrary","hostname":"vm-cluster2-node1","pid":9412,"entity":"Client object","level":10,"msg":"session closed","time":"2016-02-19T10:52:42.600Z","v":0}
{"name":"HiveThriftLibrary","hostname":"vm-cluster2-node1","pid":9426,"entity":"Client object","level":10,"msg":"connect ...","time":"2016-02-19T10:52:53.414Z","v":0}
{"name":"HiveThriftLibrary","hostname":"vm-cluster2-node1","pid":9426,"entity":"Client object","level":10,"msg":"Connection initialised for vm-cluster2-node1:10000","time":"2016-02-19T10:52:53.424Z","v":0}
{"name":"HiveThriftLibrary","hostname":"vm-cluster2-node1","pid":9426,"entity":"Client object","level":10,"msg":"Session opened for user root with protocol value = 6","time":"2016-02-19T10:52:53.475Z","v":0}
{"name":"HiveThriftLibrary","hostname":"vm-cluster2-node1","pid":9426,"entity":"Client object","level":10,"msg":"getSchemas : {\"sessionId\":{\"guid\":{\"type\":\"Buffer\",\"data\":[249,212,19,167,234,121,66,239,158,70,77,203,123,158,156,10]},\"secret\":{\"type\":\"Buffer\",\"data\":[194,167,84,174,150,242,67,220,164,215,162,223,179,79,162,82]}}}","time":"2016-02-19T10:52:53.477Z","v":0}
{"name":"HiveThriftLibrary","hostname":"vm-cluster2-node1","pid":9426,"entity":"Client object","level":10,"msg":"getSchemas done","time":"2016-02-19T10:52:53.492Z","v":0}
{"name":"HiveThriftLibrary","hostname":"vm-cluster2-node1","pid":9426,"entity":"Client object","level":10,"msg":"fetchRows on {\"operationId\":{\"guid\":{\"type\":\"Buffer\",\"data\":[39,111,48,146,215,254,65,241,131,21,199,29,146,181,112,255]},\"secret\":{\"type\":\"Buffer\",\"data\":[46,93,95,168,142,129,67,82,136,140,83,75,119,32,151,83]}},\"operationType\":3,\"hasResultSet\":true,\"modifiedRowCount\":null}","time":"2016-02-19T10:52:53.492Z","v":0}
{"name":"HiveThriftLibrary","hostname":"vm-cluster2-node1","pid":9426,"entity":"Client object","level":10,"msg":"fetchRows done","time":"2016-02-19T10:52:53.497Z","v":0}
{"name":"HiveThriftLibrary","hostname":"vm-cluster2-node1","pid":9426,"entity":"Client object","level":10,"msg":"getTables : {\"sessionId\":{\"guid\":{\"type\":\"Buffer\",\"data\":[249,212,19,167,234,121,66,239,158,70,77,203,123,158,156,10]},\"secret\":{\"type\":\"Buffer\",\"data\":[194,167,84,174,150,242,67,220,164,215,162,223,179,79,162,82]}}}","time":"2016-02-19T10:52:53.499Z","v":0}
{"name":"HiveThriftLibrary","hostname":"vm-cluster2-node1","pid":9426,"entity":"Client object","level":10,"msg":"getTables done","time":"2016-02-19T10:52:53.617Z","v":0}
{"name":"HiveThriftLibrary","hostname":"vm-cluster2-node1","pid":9426,"entity":"Client object","level":10,"msg":"fetchRows on {\"operationId\":{\"guid\":{\"type\":\"Buffer\",\"data\":[57,226,224,219,45,141,77,139,152,10,126,156,109,217,4,4]},\"secret\":{\"type\":\"Buffer\",\"data\":[36,165,201,200,73,52,71,7,170,195,203,43,101,255,65,215]}},\"operationType\":4,\"hasResultSet\":true,\"modifiedRowCount\":null}","time":"2016-02-19T10:52:53.618Z","v":0}
{"name":"HiveThriftLibrary","hostname":"vm-cluster2-node1","pid":9426,"entity":"Client object","level":10,"msg":"fetchRows done","time":"2016-02-19T10:52:53.623Z","v":0}
{"name":"HiveThriftLibrary","hostname":"vm-cluster2-node1","pid":9426,"entity":"Client object","level":10,"msg":"disconnect = [object Object]","time":"2016-02-19T10:52:53.630Z","v":0}
{"name":"HiveThriftLibrary","hostname":"vm-cluster2-node1","pid":9426,"entity":"Client object","level":10,"msg":"session closed","time":"2016-02-19T10:52:53.658Z","v":0}
{"name":"HiveThriftLibrary","hostname":"vm-cluster2-node1","pid":9473,"entity":"Client object","level":10,"msg":"connect ...","time":"2016-02-19T10:53:13.382Z","v":0}
{"name":"HiveThriftLibrary","hostname":"vm-cluster2-node1","pid":9473,"entity":"Client object","level":10,"msg":"Connection initialised for vm-cluster2-node1:10000","time":"2016-02-19T10:53:13.394Z","v":0}
{"name":"HiveThriftLibrary","hostname":"vm-cluster2-node1","pid":9473,"entity":"Client object","level":10,"msg":"Session opened for user root with protocol value = 6","time":"2016-02-19T10:53:13.442Z","v":0}
{"name":"HiveThriftLibrary","hostname":"vm-cluster2-node1","pid":9473,"entity":"Client object","level":10,"msg":"getSchemas : {\"sessionId\":{\"guid\":{\"type\":\"Buffer\",\"data\":[78,196,215,4,155,1,66,198,145,129,94,7,209,220,121,219]},\"secret\":{\"type\":\"Buffer\",\"data\":[183,215,196,153,172,254,77,70,155,50,8,71,235,182,12,99]}}}","time":"2016-02-19T10:53:13.444Z","v":0}
{"name":"HiveThriftLibrary","hostname":"vm-cluster2-node1","pid":9473,"entity":"Client object","level":10,"msg":"getSchemas done","time":"2016-02-19T10:53:13.464Z","v":0}
{"name":"HiveThriftLibrary","hostname":"vm-cluster2-node1","pid":9473,"entity":"Client object","level":10,"msg":"fetchRows on {\"operationId\":{\"guid\":{\"type\":\"Buffer\",\"data\":[140,56,229,20,49,216,64,37,168,107,54,46,162,62,44,120]},\"secret\":{\"type\":\"Buffer\",\"data\":[34,91,141,37,159,66,69,180,129,109,161,36,188,231,253,68]}},\"operationType\":3,\"hasResultSet\":true,\"modifiedRowCount\":null}","time":"2016-02-19T10:53:13.464Z","v":0}
{"name":"HiveThriftLibrary","hostname":"vm-cluster2-node1","pid":9473,"entity":"Client object","level":10,"msg":"fetchRows done","time":"2016-02-19T10:53:13.472Z","v":0}
{"name":"HiveThriftLibrary","hostname":"vm-cluster2-node1","pid":9473,"entity":"Client object","level":10,"msg":"getTables : {\"sessionId\":{\"guid\":{\"type\":\"Buffer\",\"data\":[78,196,215,4,155,1,66,198,145,129,94,7,209,220,121,219]},\"secret\":{\"type\":\"Buffer\",\"data\":[183,215,196,153,172,254,77,70,155,50,8,71,235,182,12,99]}}}","time":"2016-02-19T10:53:13.474Z","v":0}
{"name":"HiveThriftLibrary","hostname":"vm-cluster2-node1","pid":9473,"entity":"Client object","level":10,"msg":"getTables done","time":"2016-02-19T10:53:13.546Z","v":0}
{"name":"HiveThriftLibrary","hostname":"vm-cluster2-node1","pid":9473,"entity":"Client object","level":10,"msg":"fetchRows on {\"operationId\":{\"guid\":{\"type\":\"Buffer\",\"data\":[154,152,122,253,207,163,74,132,177,67,66,180,190,135,174,79]},\"secret\":{\"type\":\"Buffer\",\"data\":[235,43,180,222,152,15,75,117,173,208,94,21,166,70,12,128]}},\"operationType\":4,\"hasResultSet\":true,\"modifiedRowCount\":null}","time":"2016-02-19T10:53:13.547Z","v":0}
{"name":"HiveThriftLibrary","hostname":"vm-cluster2-node1","pid":9473,"entity":"Client object","level":10,"msg":"fetchRows done","time":"2016-02-19T10:53:13.550Z","v":0}
{"name":"HiveThriftLibrary","hostname":"vm-cluster2-node1","pid":9473,"entity":"Client object","level":10,"msg":"disconnect = [object Object]","time":"2016-02-19T10:53:13.554Z","v":0}
{"name":"HiveThriftLibrary","hostname":"vm-cluster2-node1","pid":9473,"entity":"Client object","level":10,"msg":"session closed","time":"2016-02-19T10:53:13.568Z","v":0}
{"name":"HiveThriftLibrary","hostname":"vm-cluster2-node1","pid":9506,"entity":"Client object","level":10,"msg":"connect ...","time":"2016-02-19T10:53:27.944Z","v":0}
{"name":"HiveThriftLibrary","hostname":"vm-cluster2-node1","pid":9506,"entity":"Client object","level":10,"msg":"Connection initialised for vm-cluster2-node1:10000","time":"2016-02-19T10:53:27.954Z","v":0}
{"name":"HiveThriftLibrary","hostname":"vm-cluster2-node1","pid":9506,"entity":"Client object","level":10,"msg":"Session opened for user root with protocol value = 6","time":"2016-02-19T10:53:27.995Z","v":0}
{"name":"HiveThriftLibrary","hostname":"vm-cluster2-node1","pid":9506,"entity":"Client object","level":10,"msg":"getSchemas : {\"sessionId\":{\"guid\":{\"type\":\"Buffer\",\"data\":[254,250,190,83,192,169,65,75,188,178,243,126,49,243,23,53]},\"secret\":{\"type\":\"Buffer\",\"data\":[87,221,97,102,93,218,70,113,140,172,182,58,133,199,198,102]}}}","time":"2016-02-19T10:53:27.998Z","v":0}
{"name":"HiveThriftLibrary","hostname":"vm-cluster2-node1","pid":9506,"entity":"Client object","level":10,"msg":"getSchemas done","time":"2016-02-19T10:53:28.014Z","v":0}
{"name":"HiveThriftLibrary","hostname":"vm-cluster2-node1","pid":9506,"entity":"Client object","level":10,"msg":"fetchRows on {\"operationId\":{\"guid\":{\"type\":\"Buffer\",\"data\":[202,27,162,130,205,67,66,124,166,58,137,152,192,41,246,184]},\"secret\":{\"type\":\"Buffer\",\"data\":[198,107,82,88,87,81,71,214,150,159,51,7,48,115,50,184]}},\"operationType\":3,\"hasResultSet\":true,\"modifiedRowCount\":null}","time":"2016-02-19T10:53:28.014Z","v":0}
{"name":"HiveThriftLibrary","hostname":"vm-cluster2-node1","pid":9506,"entity":"Client object","level":10,"msg":"fetchRows done","time":"2016-02-19T10:53:28.019Z","v":0}
{"name":"HiveThriftLibrary","hostname":"vm-cluster2-node1","pid":9506,"entity":"Client object","level":10,"msg":"getTables : {\"sessionId\":{\"guid\":{\"type\":\"Buffer\",\"data\":[254,250,190,83,192,169,65,75,188,178,243,126,49,243,23,53]},\"secret\":{\"type\":\"Buffer\",\"data\":[87,221,97,102,93,218,70,113,140,172,182,58,133,199,198,102]}}}","time":"2016-02-19T10:53:28.021Z","v":0}
{"name":"HiveThriftLibrary","hostname":"vm-cluster2-node1","pid":9506,"entity":"Client object","level":10,"msg":"getTables done","time":"2016-02-19T10:53:28.112Z","v":0}
{"name":"HiveThriftLibrary","hostname":"vm-cluster2-node1","pid":9506,"entity":"Client object","level":10,"msg":"fetchRows on {\"operationId\":{\"guid\":{\"type\":\"Buffer\",\"data\":[122,166,119,70,60,126,69,1,186,185,217,225,88,8,192,112]},\"secret\":{\"type\":\"Buffer\",\"data\":[13,154,113,75,13,142,77,60,185,117,131,115,161,123,223,203]}},\"operationType\":4,\"hasResultSet\":true,\"modifiedRowCount\":null}","time":"2016-02-19T10:53:28.112Z","v":0}
{"name":"HiveThriftLibrary","hostname":"vm-cluster2-node1","pid":9506,"entity":"Client object","level":10,"msg":"fetchRows done","time":"2016-02-19T10:53:28.114Z","v":0}
{"name":"HiveThriftLibrary","hostname":"vm-cluster2-node1","pid":9506,"entity":"Client object","level":10,"msg":"disconnect = [object Object]","time":"2016-02-19T10:53:28.119Z","v":0}
{"name":"HiveThriftLibrary","hostname":"vm-cluster2-node1","pid":9506,"entity":"Client object","level":10,"msg":"session closed","time":"2016-02-19T10:53:28.132Z","v":0}
{"name":"HiveThriftLibrary","hostname":"vm-cluster2-node1","pid":9697,"entity":"Client object","level":10,"msg":"connect ...","time":"2016-02-19T10:54:41.145Z","v":0}
{"name":"HiveThriftLibrary","hostname":"vm-cluster2-node1","pid":9697,"entity":"Client object","level":10,"msg":"Connection initialised for vm-cluster2-node1:10000","time":"2016-02-19T10:54:41.155Z","v":0}
{"name":"HiveThriftLibrary","hostname":"vm-cluster2-node1","pid":9697,"entity":"Client object","level":10,"msg":"Session opened for user root with protocol value = 6","time":"2016-02-19T10:54:41.254Z","v":0}
{"name":"HiveThriftLibrary","hostname":"vm-cluster2-node1","pid":9697,"entity":"Client object","level":10,"msg":"getSchemas : {\"sessionId\":{\"guid\":{\"type\":\"Buffer\",\"data\":[223,84,54,71,175,238,65,235,142,52,212,41,106,106,65,145]},\"secret\":{\"type\":\"Buffer\",\"data\":[104,225,131,71,167,71,64,164,140,69,101,138,0,99,78,67]}}}","time":"2016-02-19T10:54:41.255Z","v":0}
{"name":"HiveThriftLibrary","hostname":"vm-cluster2-node1","pid":9697,"entity":"Client object","level":10,"msg":"getSchemas done","time":"2016-02-19T10:54:41.275Z","v":0}
{"name":"HiveThriftLibrary","hostname":"vm-cluster2-node1","pid":9697,"entity":"Client object","level":10,"msg":"fetchRows on {\"operationId\":{\"guid\":{\"type\":\"Buffer\",\"data\":[132,149,158,137,149,125,79,88,166,150,110,62,133,248,41,152]},\"secret\":{\"type\":\"Buffer\",\"data\":[161,14,234,201,31,192,72,100,178,125,241,134,181,164,119,230]}},\"operationType\":3,\"hasResultSet\":true,\"modifiedRowCount\":null}","time":"2016-02-19T10:54:41.276Z","v":0}
{"name":"HiveThriftLibrary","hostname":"vm-cluster2-node1","pid":9697,"entity":"Client object","level":10,"msg":"fetchRows done","time":"2016-02-19T10:54:41.285Z","v":0}
{"name":"HiveThriftLibrary","hostname":"vm-cluster2-node1","pid":9697,"entity":"Client object","level":10,"msg":"getTables : {\"sessionId\":{\"guid\":{\"type\":\"Buffer\",\"data\":[223,84,54,71,175,238,65,235,142,52,212,41,106,106,65,145]},\"secret\":{\"type\":\"Buffer\",\"data\":[104,225,131,71,167,71,64,164,140,69,101,138,0,99,78,67]}}}","time":"2016-02-19T10:54:41.285Z","v":0}
{"name":"HiveThriftLibrary","hostname":"vm-cluster2-node1","pid":9697,"entity":"Client object","level":10,"msg":"getTables done","time":"2016-02-19T10:54:41.355Z","v":0}
{"name":"HiveThriftLibrary","hostname":"vm-cluster2-node1","pid":9697,"entity":"Client object","level":10,"msg":"fetchRows on {\"operationId\":{\"guid\":{\"type\":\"Buffer\",\"data\":[97,150,137,142,203,203,67,95,165,110,165,139,211,178,167,43]},\"secret\":{\"type\":\"Buffer\",\"data\":[145,146,220,6,42,60,67,223,130,194,215,134,69,146,58,144]}},\"operationType\":4,\"hasResultSet\":true,\"modifiedRowCount\":null}","time":"2016-02-19T10:54:41.355Z","v":0}
{"name":"HiveThriftLibrary","hostname":"vm-cluster2-node1","pid":9697,"entity":"Client object","level":10,"msg":"fetchRows done","time":"2016-02-19T10:54:41.355Z","v":0}
{"name":"HiveThriftLibrary","hostname":"vm-cluster2-node1","pid":9697,"entity":"Client object","level":10,"msg":"disconnect = [object Object]","time":"2016-02-19T10:54:41.355Z","v":0}
{"name":"HiveThriftLibrary","hostname":"vm-cluster2-node1","pid":9697,"entity":"Client object","level":10,"msg":"session closed","time":"2016-02-19T10:54:41.367Z","v":0}
{"name":"HiveThriftLibrary","hostname":"vm-cluster2-node1","pid":10050,"entity":"Client object","level":10,"msg":"connect ...","time":"2016-02-19T10:57:19.054Z","v":0}
{"name":"HiveThriftLibrary","hostname":"vm-cluster2-node1","pid":10050,"entity":"Client object","level":10,"msg":"Connection initialised for vm-cluster2-node1:10000","time":"2016-02-19T10:57:19.061Z","v":0}
{"name":"HiveThriftLibrary","hostname":"vm-cluster2-node1","pid":10050,"entity":"Client object","level":10,"msg":"Session opened for user root with protocol value = 6","time":"2016-02-19T10:57:19.126Z","v":0}
{"name":"HiveThriftLibrary","hostname":"vm-cluster2-node1","pid":10064,"entity":"Client object","level":10,"msg":"connect ...","time":"2016-02-19T10:57:27.167Z","v":0}
{"name":"HiveThriftLibrary","hostname":"vm-cluster2-node1","pid":10064,"entity":"Client object","level":10,"msg":"Connection initialised for vm-cluster2-node1:10000","time":"2016-02-19T10:57:27.176Z","v":0}
{"name":"HiveThriftLibrary","hostname":"vm-cluster2-node1","pid":10064,"entity":"Client object","level":10,"msg":"Session opened for user root with protocol value = 6","time":"2016-02-19T10:57:27.223Z","v":0}
{"name":"HiveThriftLibrary","hostname":"vm-cluster2-node1","pid":10064,"entity":"Client object","level":10,"msg":"getSchemas : {\"sessionId\":{\"guid\":{\"type\":\"Buffer\",\"data\":[136,151,225,125,244,162,64,43,137,204,112,121,2,124,189,162]},\"secret\":{\"type\":\"Buffer\",\"data\":[203,91,144,117,127,155,71,5,190,108,240,68,141,1,70,165]}}}","time":"2016-02-19T10:57:27.225Z","v":0}
{"name":"HiveThriftLibrary","hostname":"vm-cluster2-node1","pid":10064,"entity":"Client object","level":10,"msg":"getSchemas done","time":"2016-02-19T10:57:27.246Z","v":0}
{"name":"HiveThriftLibrary","hostname":"vm-cluster2-node1","pid":10064,"entity":"Client object","level":10,"msg":"fetchRows on {\"operationId\":{\"guid\":{\"type\":\"Buffer\",\"data\":[168,160,144,2,15,233,77,73,162,126,108,192,99,182,135,216]},\"secret\":{\"type\":\"Buffer\",\"data\":[22,210,174,117,53,88,78,124,168,201,127,243,39,66,131,120]}},\"operationType\":3,\"hasResultSet\":true,\"modifiedRowCount\":null}","time":"2016-02-19T10:57:27.247Z","v":0}
{"name":"HiveThriftLibrary","hostname":"vm-cluster2-node1","pid":10064,"entity":"Client object","level":10,"msg":"fetchRows done","time":"2016-02-19T10:57:27.256Z","v":0}
{"name":"HiveThriftLibrary","hostname":"vm-cluster2-node1","pid":10064,"entity":"Client object","level":10,"msg":"getTables : {\"sessionId\":{\"guid\":{\"type\":\"Buffer\",\"data\":[136,151,225,125,244,162,64,43,137,204,112,121,2,124,189,162]},\"secret\":{\"type\":\"Buffer\",\"data\":[203,91,144,117,127,155,71,5,190,108,240,68,141,1,70,165]}}}","time":"2016-02-19T10:57:27.257Z","v":0}
{"name":"HiveThriftLibrary","hostname":"vm-cluster2-node1","pid":10064,"entity":"Client object","level":10,"msg":"getTables done","time":"2016-02-19T10:57:27.322Z","v":0}
{"name":"HiveThriftLibrary","hostname":"vm-cluster2-node1","pid":10064,"entity":"Client object","level":10,"msg":"fetchRows on {\"operationId\":{\"guid\":{\"type\":\"Buffer\",\"data\":[132,254,11,139,210,108,75,177,177,156,179,212,221,3,27,63]},\"secret\":{\"type\":\"Buffer\",\"data\":[111,69,132,220,174,249,64,33,148,157,75,52,24,8,239,40]}},\"operationType\":4,\"hasResultSet\":true,\"modifiedRowCount\":null}","time":"2016-02-19T10:57:27.323Z","v":0}
{"name":"HiveThriftLibrary","hostname":"vm-cluster2-node1","pid":10064,"entity":"Client object","level":10,"msg":"fetchRows done","time":"2016-02-19T10:57:27.325Z","v":0}
{"name":"HiveThriftLibrary","hostname":"vm-cluster2-node1","pid":10064,"entity":"Client object","level":10,"msg":"disconnect = [object Object]","time":"2016-02-19T10:57:27.326Z","v":0}
{"name":"HiveThriftLibrary","hostname":"vm-cluster2-node1","pid":10064,"entity":"Client object","level":10,"msg":"session closed","time":"2016-02-19T10:57:27.337Z","v":0}
